<?xml version="1.0" encoding="UTF-8"?>
<testsuite xmlns:xsi="http://www.w3.org/2001/XMLSchema-instance" xsi:noNamespaceSchemaLocation="https://maven.apache.org/surefire/maven-surefire-plugin/xsd/surefire-test-report.xsd" version="3.0.2" name="com.unir.ms_books_catalogue.MsBooksCatalogueApplicationTests" time="66.734" tests="1" errors="0" skipped="0" failures="0">
  <properties>
[...]
</properties>
  <testcase name="contextLoads" classname="com.unir.ms_books_catalogue.MsBooksCatalogueApplicationTests" time="2.67">
    <system-out><![CDATA[21:31:41.263 [main] INFO org.springframework.test.context.support.AnnotationConfigContextLoaderUtils -- Could not detect default configuration classes for test class [com.unir.ms_books_catalogue.MsBooksCatalogueApplicationTests]: MsBooksCatalogueApplicationTests does not declare any static, non-private, non-final, nested classes annotated with @Configuration.
21:31:42.142 [main] INFO org.springframework.boot.test.context.SpringBootTestContextBootstrapper -- Found @SpringBootConfiguration com.unir.ms_books_catalogue.MsBooksCatalogueApplication for test class com.unir.ms_books_catalogue.MsBooksCatalogueApplicationTests
21:31:43.768 [main] INFO org.springframework.boot.devtools.restart.RestartApplicationListener -- Restart disabled due to context in which it is running

  .   ____          _            __ _ _
 /\\ / ___'_ __ _ _(_)_ __  __ _ \ \ \ \
( ( )\___ | '_ | '_| | '_ \/ _` | \ \ \ \
 \\/  ___)| |_)| | | | | || (_| |  ) ) ) )
  '  |____| .__|_| |_|_| |_\__, | / / / /
 =========|_|==============|___/=/_/_/_/

 :: Spring Boot ::                (v4.0.2)

2026-02-04T21:31:45.775+01:00  INFO 6830 --- [ms-books-catalogue] [           main] c.u.m.MsBooksCatalogueApplicationTests   : Starting MsBooksCatalogueApplicationTests using Java 25 with PID 6830 (started by psmolina in /mnt/c/Users/pablo/Desktop/MISSI/1_CUATRIMESTRE/DESARROLLO_WEB_FULL_STACK/EJERCICIO_2/ms-books-catalogue)
2026-02-04T21:31:45.781+01:00  INFO 6830 --- [ms-books-catalogue] [           main] c.u.m.MsBooksCatalogueApplicationTests   : No active profile set, falling back to 1 default profile: "default"
2026-02-04T21:31:50.606+01:00  INFO 6830 --- [ms-books-catalogue] [           main] .s.d.r.c.RepositoryConfigurationDelegate : Bootstrapping Spring Data JPA repositories in DEFAULT mode.
2026-02-04T21:31:52.136+01:00  INFO 6830 --- [ms-books-catalogue] [           main] .s.d.r.c.RepositoryConfigurationDelegate : Finished Spring Data repository scanning in 1482 ms. Found 1 JPA repository interface.
2026-02-04T21:31:55.953+01:00  INFO 6830 --- [ms-books-catalogue] [           main] o.s.cloud.context.scope.GenericScope     : BeanFactory id=5b1ccfea-e44a-3af8-92a9-e2d028f1c463
2026-02-04T21:31:59.599+01:00  INFO 6830 --- [ms-books-catalogue] [           main] org.hibernate.orm.jpa                    : HHH008540: Processing PersistenceUnitInfo [name: default]
2026-02-04T21:32:03.000+01:00  INFO 6830 --- [ms-books-catalogue] [           main] org.hibernate.orm.core                   : HHH000001: Hibernate ORM core version 7.2.1.Final
2026-02-04T21:32:08.404+01:00  INFO 6830 --- [ms-books-catalogue] [           main] o.s.o.j.p.SpringPersistenceUnitInfo      : No LoadTimeWeaver setup: ignoring JPA class transformer
2026-02-04T21:32:08.687+01:00  INFO 6830 --- [ms-books-catalogue] [           main] com.zaxxer.hikari.HikariDataSource       : HikariPool-1 - Starting...
2026-02-04T21:32:10.276+01:00  INFO 6830 --- [ms-books-catalogue] [           main] com.zaxxer.hikari.pool.HikariPool        : HikariPool-1 - Added connection com.mysql.cj.jdbc.ConnectionImpl@674fd531
2026-02-04T21:32:10.290+01:00  INFO 6830 --- [ms-books-catalogue] [           main] com.zaxxer.hikari.HikariDataSource       : HikariPool-1 - Start completed.
2026-02-04T21:32:10.943+01:00  INFO 6830 --- [ms-books-catalogue] [           main] org.hibernate.orm.connections.pooling    : HHH10001005: Database info:
	Database JDBC URL [jdbc:mysql://localhost:3310/books_catalogue_db]
	Database driver: MySQL Connector/J
	Database dialect: MySQLDialect
	Database version: 9.6
	Default catalog/schema: books_catalogue_db/undefined
	Autocommit mode: undefined/unknown
	Isolation level: REPEATABLE_READ [default REPEATABLE_READ]
	JDBC fetch size: none
	Pool: DataSourceConnectionProvider
	Minimum pool size: undefined/unknown
	Maximum pool size: undefined/unknown
2026-02-04T21:32:22.506+01:00  INFO 6830 --- [ms-books-catalogue] [           main] org.hibernate.orm.core                   : HHH000489: No JTA platform available (set 'hibernate.transaction.jta.platform' to enable JTA platform integration)
2026-02-04T21:32:23.621+01:00  INFO 6830 --- [ms-books-catalogue] [           main] j.LocalContainerEntityManagerFactoryBean : Initialized JPA EntityManagerFactory for persistence unit 'default'
2026-02-04T21:32:25.893+01:00  INFO 6830 --- [ms-books-catalogue] [           main] o.s.d.j.r.query.QueryEnhancerFactories   : Hibernate is in classpath; If applicable, HQL parser will be used.
2026-02-04T21:32:30.728+01:00  WARN 6830 --- [ms-books-catalogue] [           main] JpaBaseConfiguration$JpaWebConfiguration : spring.jpa.open-in-view is enabled by default. Therefore, database queries may be performed during view rendering. Explicitly configure spring.jpa.open-in-view to disable this warning
2026-02-04T21:32:39.634+01:00  INFO 6830 --- [ms-books-catalogue] [           main] DiscoveryClientOptionalArgsConfiguration : Eureka HTTP Client uses RestClient.
2026-02-04T21:32:40.083+01:00  WARN 6830 --- [ms-books-catalogue] [           main] iguration$LoadBalancerCaffeineWarnLogger : Spring Cloud LoadBalancer is currently working with the default cache. While this cache implementation is useful for development and tests, it's recommended to use Caffeine cache in production.You can switch to using Caffeine cache, by adding it and org.springframework.cache.caffeine.CaffeineCacheManager to the classpath.
2026-02-04T21:32:40.344+01:00  INFO 6830 --- [ms-books-catalogue] [           main] o.s.c.n.eureka.InstanceInfoFactory       : Setting initial instance status as: STARTING
2026-02-04T21:32:40.876+01:00  INFO 6830 --- [ms-books-catalogue] [           main] com.netflix.discovery.DiscoveryClient    : Initializing Eureka in region us-east-1
2026-02-04T21:32:40.947+01:00  INFO 6830 --- [ms-books-catalogue] [           main] c.n.d.s.r.aws.ConfigClusterResolver      : Resolving eureka endpoints via configuration
2026-02-04T21:32:41.118+01:00  INFO 6830 --- [ms-books-catalogue] [           main] com.netflix.discovery.DiscoveryClient    : Disable delta property : false
2026-02-04T21:32:41.118+01:00  INFO 6830 --- [ms-books-catalogue] [           main] com.netflix.discovery.DiscoveryClient    : Single vip registry refresh property : null
2026-02-04T21:32:41.119+01:00  INFO 6830 --- [ms-books-catalogue] [           main] com.netflix.discovery.DiscoveryClient    : Force full registry fetch : false
2026-02-04T21:32:41.120+01:00  INFO 6830 --- [ms-books-catalogue] [           main] com.netflix.discovery.DiscoveryClient    : Application is null : false
2026-02-04T21:32:41.121+01:00  INFO 6830 --- [ms-books-catalogue] [           main] com.netflix.discovery.DiscoveryClient    : Registered Applications size is zero : true
2026-02-04T21:32:41.122+01:00  INFO 6830 --- [ms-books-catalogue] [           main] com.netflix.discovery.DiscoveryClient    : Application version is -1: true
2026-02-04T21:32:41.123+01:00  INFO 6830 --- [ms-books-catalogue] [           main] com.netflix.discovery.DiscoveryClient    : Getting all instance registry info from the eureka server
2026-02-04T21:32:44.043+01:00  INFO 6830 --- [ms-books-catalogue] [           main] com.netflix.discovery.DiscoveryClient    : The response status is 200
2026-02-04T21:32:44.060+01:00  INFO 6830 --- [ms-books-catalogue] [           main] com.netflix.discovery.DiscoveryClient    : Starting heartbeat executor: renew interval is: 30
2026-02-04T21:32:44.084+01:00  INFO 6830 --- [ms-books-catalogue] [           main] c.n.discovery.InstanceInfoReplicator     : InstanceInfoReplicator onDemand update allowed rate per min is 4
2026-02-04T21:32:44.101+01:00  INFO 6830 --- [ms-books-catalogue] [           main] com.netflix.discovery.DiscoveryClient    : Discovery Client initialized at timestamp 1770237164099 with initial instances count: 2
2026-02-04T21:32:44.114+01:00  INFO 6830 --- [ms-books-catalogue] [           main] o.s.c.n.e.s.EurekaServiceRegistry        : Registering application MS-BOOKS-CATALOGUE with eureka with status UP
2026-02-04T21:32:44.119+01:00  INFO 6830 --- [ms-books-catalogue] [           main] com.netflix.discovery.DiscoveryClient    : Saw local status change event StatusChangeEvent [timestamp=1770237164119, current=UP, previous=STARTING]
2026-02-04T21:32:44.150+01:00  INFO 6830 --- [ms-books-catalogue] [foReplicator-%d] com.netflix.discovery.DiscoveryClient    : DiscoveryClient_MS-BOOKS-CATALOGUE/172.19.169.219:ms-books-catalogue:8790: registering service...
2026-02-04T21:32:44.162+01:00  INFO 6830 --- [ms-books-catalogue] [           main] c.u.m.MsBooksCatalogueApplicationTests   : Started MsBooksCatalogueApplicationTests in 60.483 seconds (process running for 66.911)
2026-02-04T21:32:44.517+01:00  INFO 6830 --- [ms-books-catalogue] [foReplicator-%d] com.netflix.discovery.DiscoveryClient    : DiscoveryClient_MS-BOOKS-CATALOGUE/172.19.169.219:ms-books-catalogue:8790 - registration status: 204
]]></system-out>
    <system-err><![CDATA[Mockito is currently self-attaching to enable the inline-mock-maker. This will no longer work in future releases of the JDK. Please add Mockito as an agent to your build as described in Mockito's documentation: https://javadoc.io/doc/org.mockito/mockito-core/latest/org.mockito/org/mockito/Mockito.html#0.3
WARNING: A Java agent has been loaded dynamically (/home/psmolina/.m2/repository/net/bytebuddy/byte-buddy-agent/1.17.8/byte-buddy-agent-1.17.8.jar)
WARNING: If a serviceability tool is in use, please run with -XX:+EnableDynamicAgentLoading to hide this warning
WARNING: If a serviceability tool is not in use, please run with -Djdk.instrument.traceUsage for more information
WARNING: Dynamic loading of agents will be disallowed by default in a future release
]]></system-err>
  </testcase>
</testsuite>